This file contains any messages produced by compilers while
running configure, to aid debugging if configure makes a mistake.

It was created by configure, which was
generated by GNU Autoconf 2.57a.  Invocation command line was

  $ /Users/kkelso/Downloads/alsa-firmware-1.0.0pre3/configure 

## --------- ##
## Platform. ##
## --------- ##

hostname = Admins-MacBook-Pro.local
uname -m = x86_64
uname -r = 19.6.0
uname -s = Darwin
uname -v = Darwin Kernel Version 19.6.0: Thu May  6 00:48:39 PDT 2021; root:xnu-6153.141.33~1/RELEASE_X86_64

/usr/bin/uname -p = i386
/bin/uname -X     = unknown

/bin/arch              = unknown
/usr/bin/arch -k       = unknown
/usr/convex/getsysinfo = unknown
hostinfo               = Mach kernel version:
	 Darwin Kernel Version 19.6.0: Thu May  6 00:48:39 PDT 2021; root:xnu-6153.141.33~1/RELEASE_X86_64
Kernel configured for up to 8 processors.
4 processors are physically available.
8 processors are logically available.
Processor type: x86_64h (Intel x86-64h Haswell)
Processors active: 0 1 2 3 4 5 6 7
Primary memory available: 16.00 gigabytes
Default processor set: 633 tasks, 3179 threads, 8 processors
Load average: 4.06, Mach factor: 4.28
/bin/machine           = unknown
/usr/bin/oslevel       = unknown
/bin/universe          = unknown

PATH: /Users/kkelso/perl5/bin
PATH: /Users/kkelso/Desktop/projects/scripts/bin
PATH: /usr/local/opt/llvm/bin/
PATH: /usr/local/bin/chromedriver
PATH: /Users/kkelso/go/bin
PATH: /Users/kkelso/.nvm/versions/node/v12.16.1/bin
PATH: /Users/kkelso/.cargo/bin
PATH: /usr/local/bin
PATH: /usr/bin
PATH: /bin
PATH: /usr/sbin
PATH: /sbin
PATH: /Library/TeX/texbin
PATH: /opt/X11/bin
PATH: /Library/Apple/usr/bin


## ----------- ##
## Core tests. ##
## ----------- ##

configure:1265: checking for a BSD-compatible install
configure:1320: result: /usr/bin/install -c
configure:1331: checking whether build environment is sane
configure:1374: result: yes
configure:1407: checking for gawk
configure:1436: result: no
configure:1407: checking for mawk
configure:1436: result: no
configure:1407: checking for nawk
configure:1436: result: no
configure:1407: checking for awk
configure:1423: found /usr/bin/awk
configure:1433: result: awk
configure:1443: checking whether make sets $(MAKE)
configure:1463: result: yes
configure:1673: checking for gcc
configure:1689: found /usr/bin/gcc
configure:1699: result: gcc
configure:1943: checking for C compiler version
configure:1946: gcc --version </dev/null >&5
Configured with: --prefix=/Applications/Xcode.app/Contents/Developer/usr --with-gxx-include-dir=/Library/Developer/CommandLineTools/SDKs/MacOSX.sdk/usr/include/c++/4.2.1
Apple clang version 12.0.0 (clang-1200.0.32.29)
Target: x86_64-apple-darwin19.6.0
Thread model: posix
InstalledDir: /Applications/Xcode.app/Contents/Developer/Toolchains/XcodeDefault.xctoolchain/usr/bin
configure:1949: $? = 0
configure:1951: gcc -v </dev/null >&5
Configured with: --prefix=/Applications/Xcode.app/Contents/Developer/usr --with-gxx-include-dir=/Library/Developer/CommandLineTools/SDKs/MacOSX.sdk/usr/include/c++/4.2.1
Apple clang version 12.0.0 (clang-1200.0.32.29)
Target: x86_64-apple-darwin19.6.0
Thread model: posix
InstalledDir: /Applications/Xcode.app/Contents/Developer/Toolchains/XcodeDefault.xctoolchain/usr/bin
configure:1954: $? = 0
configure:1956: gcc -V </dev/null >&5
clang: error: argument to '-V' is missing (expected 1 value)
clang: error: no input files
configure:1959: $? = 1
configure:1982: checking for C compiler default output file name
configure:1985: gcc    conftest.c  >&5
configure:1988: $? = 0
configure:2034: result: a.out
configure:2039: checking whether the C compiler works
configure:2045: ./a.out
configure:2048: $? = 0
configure:2065: result: yes
configure:2072: checking whether we are cross compiling
configure:2074: result: no
configure:2077: checking for suffix of executables
configure:2079: gcc -o conftest    conftest.c  >&5
configure:2082: $? = 0
configure:2107: result: 
configure:2113: checking for suffix of object files
configure:2134: gcc -c   conftest.c >&5
configure:2137: $? = 0
configure:2159: result: o
configure:2163: checking whether we are using the GNU C compiler
configure:2187: gcc -c   conftest.c >&5
configure:2190: $? = 0
configure:2193: test -s conftest.o
configure:2196: $? = 0
configure:2209: result: yes
configure:2215: checking whether gcc accepts -g
configure:2236: gcc -c -g  conftest.c >&5
configure:2239: $? = 0
configure:2242: test -s conftest.o
configure:2245: $? = 0
configure:2256: result: yes
configure:2273: checking for gcc option to accept ANSI C
configure:2333: gcc  -c -g -O2  conftest.c >&5
configure:2336: $? = 0
configure:2339: test -s conftest.o
configure:2342: $? = 0
configure:2360: result: none needed
configure:2378: gcc -c -g -O2  conftest.c >&5
conftest.c:2:3: error: unknown type name 'choke'
  choke me
  ^
conftest.c:2:11: error: expected ';' after top level declarator
  choke me
          ^
          ;
2 errors generated.
configure:2381: $? = 1
configure: failed program was:
| #ifndef __cplusplus
|   choke me
| #endif
configure:2498: checking for style of include used by make
configure:2526: result: GNU
configure:2554: checking dependency style of gcc
configure:2637: result: gcc3
configure:2667: checking for a BSD-compatible install
configure:2722: result: /usr/bin/install -c
configure:2739: checking how to run the C preprocessor
configure:2774: gcc -E  conftest.c
configure:2780: $? = 0
configure:2811: gcc -E  conftest.c
conftest.c:11:10: fatal error: 'ac_nonexistent.h' file not found
#include <ac_nonexistent.h>
         ^~~~~~~~~~~~~~~~~~
1 error generated.
configure:2817: $? = 1
configure: failed program was:
| /* confdefs.h.  */
| 
| #define PACKAGE_NAME ""
| #define PACKAGE_TARNAME ""
| #define PACKAGE_VERSION ""
| #define PACKAGE_STRING ""
| #define PACKAGE_BUGREPORT ""
| #define PACKAGE "alsa-firmware"
| #define VERSION "1.0.0pre3"
| /* end confdefs.h.  */
| #include <ac_nonexistent.h>
configure:2855: result: gcc -E
configure:2879: gcc -E  conftest.c
configure:2885: $? = 0
configure:2916: gcc -E  conftest.c
conftest.c:11:10: fatal error: 'ac_nonexistent.h' file not found
#include <ac_nonexistent.h>
         ^~~~~~~~~~~~~~~~~~
1 error generated.
configure:2922: $? = 1
configure: failed program was:
| /* confdefs.h.  */
| 
| #define PACKAGE_NAME ""
| #define PACKAGE_TARNAME ""
| #define PACKAGE_VERSION ""
| #define PACKAGE_STRING ""
| #define PACKAGE_BUGREPORT ""
| #define PACKAGE "alsa-firmware"
| #define VERSION "1.0.0pre3"
| /* end confdefs.h.  */
| #include <ac_nonexistent.h>
configure:2965: checking for egrep
configure:2975: result: grep -E
configure:2980: checking for ANSI C header files
configure:3005: gcc -c -g -O2  conftest.c >&5
configure:3008: $? = 0
configure:3011: test -s conftest.o
configure:3014: $? = 0
configure:3103: gcc -o conftest -g -O2   conftest.c  >&5
conftest.c:28:7: error: implicitly declaring library function 'exit' with type 'void (int) __attribute__((noreturn))' [-Werror,-Wimplicit-function-declaration]
      exit(2);
      ^
conftest.c:28:7: note: include the header <stdlib.h> or explicitly provide a declaration for 'exit'
1 error generated.
configure:3106: $? = 1
configure: program exited with status 1
configure: failed program was:
| /* confdefs.h.  */
| 
| #define PACKAGE_NAME ""
| #define PACKAGE_TARNAME ""
| #define PACKAGE_VERSION ""
| #define PACKAGE_STRING ""
| #define PACKAGE_BUGREPORT ""
| #define PACKAGE "alsa-firmware"
| #define VERSION "1.0.0pre3"
| /* end confdefs.h.  */
| #include <ctype.h>
| #if ((' ' & 0x0FF) == 0x020)
| # define ISLOWER(c) ('a' <= (c) && (c) <= 'z')
| # define TOUPPER(c) (ISLOWER(c) ? 'A' + ((c) - 'a') : (c))
| #else
| # define ISLOWER(c) 		   (('a' <= (c) && (c) <= 'i') 		     || ('j' <= (c) && (c) <= 'r') 		     || ('s' <= (c) && (c) <= 'z'))
| # define TOUPPER(c) (ISLOWER(c) ? ((c) | 0x40) : (c))
| #endif
| 
| #define XOR(e, f) (((e) && !(f)) || (!(e) && (f)))
| int
| main ()
| {
|   int i;
|   for (i = 0; i < 256; i++)
|     if (XOR (islower (i), ISLOWER (i))
| 	|| toupper (i) != TOUPPER (i))
|       exit(2);
|   exit (0);
| }
configure:3126: result: no
configure:3280: creating ./config.status

## ---------------------- ##
## Running config.status. ##
## ---------------------- ##

This file was extended by config.status, which was
generated by GNU Autoconf 2.57a.  Invocation command line was

  CONFIG_FILES    = 
  CONFIG_HEADERS  = 
  CONFIG_LINKS    = 
  CONFIG_COMMANDS = 
  $ ./config.status 

on Admins-MacBook-Pro.local

config.status:647: creating Makefile
config.status:647: creating hdsploader/Makefile
config.status:647: creating mixartloader/Makefile
config.status:647: creating usx2yloader/Makefile
config.status:647: creating vxloader/Makefile
config.status:765: executing depfiles commands

## ---------------- ##
## Cache variables. ##
## ---------------- ##

ac_cv_c_compiler_gnu=yes
ac_cv_env_CC_set=
ac_cv_env_CC_value=
ac_cv_env_CFLAGS_set=
ac_cv_env_CFLAGS_value=
ac_cv_env_CPPFLAGS_set=
ac_cv_env_CPPFLAGS_value=
ac_cv_env_CPP_set=
ac_cv_env_CPP_value=
ac_cv_env_LDFLAGS_set=
ac_cv_env_LDFLAGS_value=
ac_cv_env_build_alias_set=
ac_cv_env_build_alias_value=
ac_cv_env_host_alias_set=
ac_cv_env_host_alias_value=
ac_cv_env_target_alias_set=
ac_cv_env_target_alias_value=
ac_cv_exeext=
ac_cv_header_stdc=no
ac_cv_objext=o
ac_cv_path_install='/usr/bin/install -c'
ac_cv_prog_AWK=awk
ac_cv_prog_CPP='gcc -E'
ac_cv_prog_ac_ct_CC=gcc
ac_cv_prog_cc_g=yes
ac_cv_prog_cc_stdc=
ac_cv_prog_egrep='grep -E'
ac_cv_prog_make_make_set=yes
am_cv_CC_dependencies_compiler_type=gcc3

## ----------------- ##
## Output variables. ##
## ----------------- ##

ACLOCAL='${SHELL} /Users/kkelso/Downloads/alsa-firmware-1.0.0pre3/missing --run aclocal-1.7'
AMDEPBACKSLASH='\'
AMDEP_FALSE='#'
AMDEP_TRUE=''
AMTAR='${SHELL} /Users/kkelso/Downloads/alsa-firmware-1.0.0pre3/missing --run tar'
AUTOCONF='${SHELL} /Users/kkelso/Downloads/alsa-firmware-1.0.0pre3/missing --run autoconf'
AUTOHEADER='${SHELL} /Users/kkelso/Downloads/alsa-firmware-1.0.0pre3/missing --run autoheader'
AUTOMAKE='${SHELL} /Users/kkelso/Downloads/alsa-firmware-1.0.0pre3/missing --run automake-1.7'
AWK='awk'
CC='gcc'
CCDEPMODE='depmode=gcc3'
CFLAGS='-g -O2'
CPP='gcc -E'
CPPFLAGS=''
CYGPATH_W='echo'
DEFS='-DPACKAGE_NAME=\"\" -DPACKAGE_TARNAME=\"\" -DPACKAGE_VERSION=\"\" -DPACKAGE_STRING=\"\" -DPACKAGE_BUGREPORT=\"\" -DPACKAGE=\"alsa-firmware\" -DVERSION=\"1.0.0pre3\" '
DEPDIR='.deps'
ECHO_C='ECHO_N=''
ECHO_T=''
EGREP='grep -E'
EXEEXT=''
INSTALL_DATA='${INSTALL} -m 644'
INSTALL_PROGRAM='${INSTALL}'
INSTALL_SCRIPT='${INSTALL}'
INSTALL_STRIP_PROGRAM='${SHELL} $(install_sh) -c -s'
LDFLAGS=''
LIBOBJS=''
LIBS=''
LTLIBOBJS=''
MAKEINFO='${SHELL} /Users/kkelso/Downloads/alsa-firmware-1.0.0pre3/missing --run makeinfo'
OBJEXT='o'
PACKAGE='alsa-firmware'
PACKAGE_BUGREPORT=''
PACKAGE_NAME=''
PACKAGE_STRING=''
PACKAGE_TARNAME=''
PACKAGE_VERSION=''
PATH_SEPARATOR=':'
SET_MAKE=''
SHELL='/bin/sh'
STRIP=''
VERSION='1.0.0pre3'
ac_ct_CC='gcc'
ac_ct_STRIP=''
am__fastdepCC_FALSE='#'
am__fastdepCC_TRUE=''
am__include='include'
am__leading_dot='.'
am__quote=''
bindir='${exec_prefix}/bin'
build_alias=''
datadir='${prefix}/share'
exec_prefix='${prefix}'
host_alias=''
includedir='${prefix}/include'
infodir='${prefix}/info'
install_sh='/Users/kkelso/Downloads/alsa-firmware-1.0.0pre3/install-sh'
libdir='${exec_prefix}/lib'
libexecdir='${exec_prefix}/libexec'
localstatedir='${prefix}/var'
mandir='${prefix}/man'
oldincludedir='/usr/include'
prefix='/usr/local'
program_transform_name='s,x,x,'
sbindir='${exec_prefix}/sbin'
sharedstatedir='${prefix}/com'
sysconfdir='${prefix}/etc'
target_alias=''

## ----------- ##
## confdefs.h. ##
## ----------- ##

#define PACKAGE "alsa-firmware"
#define PACKAGE_BUGREPORT ""
#define PACKAGE_NAME ""
#define PACKAGE_STRING ""
#define PACKAGE_TARNAME ""
#define PACKAGE_VERSION ""
#define VERSION "1.0.0pre3"

configure: exit 0
